<?xml version="1.0" encoding="UTF-8"?>
<!-- Generated by org.testng.reporters.JUnitReportReporter -->
<testsuite skipped="0" hostname="DESKTOP-PMF4O4O" name="toolsQA.Third" tests="2" failures="0" timestamp="29 Apr 2018 23:49:09 GMT" time="24.684" errors="0">
  <testcase name="Training" time="11.420" classname="toolsQA.Third"/>
  <testcase name="About" time="13.264" classname="toolsQA.Third"/>
</testsuite> <!-- toolsQA.Third -->
