<?xml version="1.0" encoding="UTF-8"?>
<!-- Generated by org.testng.reporters.JUnitReportReporter -->
<testsuite skipped="0" hostname="DESKTOP-PMF4O4O" name="toolsQA.EDriven" tests="1" failures="0" timestamp="19 May 2018 18:31:40 GMT" time="0.640" errors="0">
  <testcase name="driven" time="0.640" classname="toolsQA.EDriven"/>
</testsuite> <!-- toolsQA.EDriven -->
