<?xml version="1.0" encoding="UTF-8"?>
<!-- Generated by org.testng.reporters.JUnitReportReporter -->
<testsuite skipped="0" hostname="DESKTOP-PMF4O4O" name="toolsQA.ToolsQA_Screenshot" tests="1" failures="0" timestamp="29 Apr 2018 03:25:07 GMT" time="11.369" errors="0">
  <testcase name="captureScreenshot" time="11.369" classname="toolsQA.ToolsQA_Screenshot"/>
</testsuite> <!-- toolsQA.ToolsQA_Screenshot -->
