<?xml version="1.0" encoding="UTF-8"?>
<!-- Generated by org.testng.reporters.JUnitReportReporter -->
<testsuite skipped="0" hostname="DESKTOP-PMF4O4O" name="toolsQA.Second" tests="3" failures="0" timestamp="29 Apr 2018 23:49:09 GMT" time="57.784" errors="0">
  <testcase name="Dobon" time="16.476" classname="toolsQA.Second"/>
  <testcase name="Md" time="8.831" classname="toolsQA.Second"/>
  <testcase name="Islam" time="32.477" classname="toolsQA.Second"/>
</testsuite> <!-- toolsQA.Second -->
