<?xml version="1.0" encoding="UTF-8"?>
<!-- Generated by org.testng.reporters.JUnitReportReporter -->
<testsuite skipped="0" hostname="DESKTOP-PMF4O4O" name="toolsQA.S_Shots" tests="1" failures="0" timestamp="16 May 2018 00:29:55 GMT" time="19.037" errors="0">
  <testcase name="getScreenshot" time="19.037" classname="toolsQA.S_Shots"/>
</testsuite> <!-- toolsQA.S_Shots -->
