<?xml version="1.0" encoding="UTF-8"?>
<!-- Generated by org.testng.reporters.JUnitReportReporter -->
<testsuite skipped="0" hostname="DESKTOP-PMF4O4O" name="toolsQA.Screenshot" tests="1" failures="0" timestamp="16 May 2018 02:20:28 GMT" time="8.683" errors="0">
  <testcase name="getScreenshot" time="8.683" classname="toolsQA.Screenshot"/>
</testsuite> <!-- toolsQA.Screenshot -->
