<?xml version="1.0" encoding="UTF-8"?>
<!-- Generated by org.testng.reporters.JUnitReportReporter -->
<testsuite skipped="0" hostname="DESKTOP-PMF4O4O" name="toolsQA.Fourth" tests="1" failures="0" timestamp="29 Apr 2018 23:49:09 GMT" time="19.042" errors="0">
  <testcase name="Facebook" time="19.042" classname="toolsQA.Fourth"/>
</testsuite> <!-- toolsQA.Fourth -->
