<?xml version="1.0" encoding="UTF-8"?>
<!-- Generated by org.testng.reporters.JUnitReportReporter -->
<testsuite skipped="0" hostname="DESKTOP-PMF4O4O" name="toolsQA.Fifth" tests="1" failures="0" timestamp="29 Apr 2018 23:40:28 GMT" time="17.847" errors="0">
  <testcase name="Facebook" time="17.847" classname="toolsQA.Fifth"/>
</testsuite> <!-- toolsQA.Fifth -->
