<?xml version="1.0" encoding="UTF-8"?>
<!-- Generated by org.testng.reporters.JUnitReportReporter -->
<testsuite skipped="0" hostname="DESKTOP-PMF4O4O" name="toolsQA.First" tests="1" failures="0" timestamp="29 Apr 2018 23:49:09 GMT" time="17.035" errors="0">
  <testcase name="Nazrul" time="17.035" classname="toolsQA.First"/>
</testsuite> <!-- toolsQA.First -->
